2025-11-06T16:27:51: Wrote trending snapshot to /home/anirudh/Desktop/data-universe-final-Server/scripts/cache/twitter_trending.json
2025-11-06T16:27:51: Wrote 120 twitter targets to /home/anirudh/Desktop/data-universe-final-Server/scripts/cache/twitter_targets.json
2025-11-06T16:27:51: ✅ Twitter targets/trending updated.
2025-11-06T16:27:53: [1/120] Query: #crypto -filter:retweets since:2025-10-07 until:2025-11-06 (limit 100)
2025-11-06T16:28:21: [2/120] Query: #bitcoin -filter:retweets since:2025-10-07 until:2025-11-06 (limit 100)
2025-11-06T16:28:36: [3/120] Query: #btc -filter:retweets since:2025-10-07 until:2025-11-06 (limit 100)
2025-11-06T16:28:50: [4/120] Query: #yahooニュース -filter:retweets since:2025-10-07 until:2025-11-06 (limit 100)
2025-11-06T16:29:00: [5/120] Query: #btcusd -filter:retweets since:2025-10-07 until:2025-11-06 (limit 100)
2025-11-06T16:29:03: [6/120] Query: #parfect -filter:retweets since:2025-10-07 until:2025-11-06 (limit 100)
2025-11-06T16:29:05: [7/120] Query: #eth -filter:retweets since:2025-10-07 until:2025-11-06 (limit 100)
2025-11-06T16:29:21: [8/120] Query: #gold -filter:retweets since:2025-10-07 until:2025-11-06 (limit 100)
2025-11-06T16:29:35: [9/120] Query: #blockchain -filter:retweets since:2025-10-07 until:2025-11-06 (limit 100)
2025-11-06T16:29:52: [10/120] Query: #trading -filter:retweets since:2025-10-07 until:2025-11-06 (limit 100)
2025-11-06T16:30:10: [11/120] Query: #web3 -filter:retweets since:2025-10-07 until:2025-11-06 (limit 100)
2025-11-06T16:30:23: [12/120] Query: #آواز_دي_وايس -filter:retweets since:2025-10-07 until:2025-11-06 (limit 100)
2025-11-06T16:30:33: [13/120] Query: #أخبار_الهند -filter:retweets since:2025-10-07 until:2025-11-06 (limit 100)
2025-11-06T16:30:43: [14/120] Query: #روح_النور -filter:retweets since:2025-10-07 until:2025-11-06 (limit 100)
2025-11-06T16:30:46: [15/120] Query: #رحمن -filter:retweets since:2025-10-07 until:2025-11-06 (limit 100)
2025-11-06T16:30:49: [16/120] Query: #毎日エンタメ -filter:retweets since:2025-10-07 until:2025-11-06 (limit 100)
2025-11-06T16:30:58: [17/120] Query: #news -filter:retweets since:2025-10-07 until:2025-11-06 (limit 100)
2025-11-06T16:31:10: [18/120] Query: #tradeonstbot -filter:retweets since:2025-10-07 until:2025-11-06 (limit 100)
2025-11-06T16:31:11: [19/120] Query: #prediction -filter:retweets since:2025-10-07 until:2025-11-06 (limit 100)
2025-11-06T16:31:24: [20/120] Query: #market -filter:retweets since:2025-10-07 until:2025-11-06 (limit 100)
2025-11-06T16:31:37: [21/120] Query: #sapien -filter:retweets since:2025-10-07 until:2025-11-06 (limit 100)
2025-11-06T16:31:51: [22/120] Query: #nft -filter:retweets since:2025-10-07 until:2025-11-06 (limit 100)
2025-11-06T16:32:05: [23/120] Query: #defi -filter:retweets since:2025-10-07 until:2025-11-06 (limit 100)
2025-11-06T16:32:17: [24/120] Query: #solana -filter:retweets since:2025-10-07 until:2025-11-06 (limit 100)
2025-11-06T16:32:26: [25/120] Query: #doge -filter:retweets since:2025-10-07 until:2025-11-06 (limit 100)
2025-11-06T16:32:48: [26/120] Query: #zeudiners -filter:retweets since:2025-10-07 until:2025-11-06 (limit 100)
2025-11-06T16:33:02: [27/120] Query: #helevier -filter:retweets since:2025-10-07 until:2025-11-06 (limit 100)
2025-11-06T16:33:18: [28/120] Query: #cryptoscam -filter:retweets since:2025-10-07 until:2025-11-06 (limit 100)
2025-11-06T16:33:30: [29/120] Query: #cryptorecovery -filter:retweets since:2025-10-07 until:2025-11-06 (limit 100)
2025-11-06T16:33:45: [30/120] Query: #activitybasedmobilizers -filter:retweets since:2025-10-07 until:2025-11-06 (limit 100)
2025-11-06T16:33:55: [31/120] Query: #votem72026 -filter:retweets since:2025-10-07 until:2025-11-06 (limit 100)
2025-11-06T16:34:03: [32/120] Query: #ยูทูปพรีเมี่ยมราคาถูก -filter:retweets since:2025-10-07 until:2025-11-06 (limit 100)
2025-11-06T16:34:07: [33/120] Query: #หารyoutubepremium -filter:retweets since:2025-10-07 until:2025-11-06 (limit 100)
2025-11-06T16:34:13: [34/120] Query: #หารyoutube -filter:retweets since:2025-10-07 until:2025-11-06 (limit 100)
2025-11-06T16:34:16: [35/120] Query: #provadofazendeiro -filter:retweets since:2025-10-07 until:2025-11-06 (limit 100)
2025-11-06T16:34:26: [36/120] Query: #brasile -filter:retweets since:2025-10-07 until:2025-11-06 (limit 100)
2025-11-06T16:34:38: [37/120] Query: #相棒24 -filter:retweets since:2025-10-07 until:2025-11-06 (limit 100)
2025-11-06T16:34:46: [38/120] Query: #相棒 -filter:retweets since:2025-10-07 until:2025-11-06 (limit 100)
2025-11-06T16:34:55: [39/120] Query: #水谷豊 -filter:retweets since:2025-10-07 until:2025-11-06 (limit 100)
2025-11-06T16:35:06: [40/120] Query: #rashmer -filter:retweets since:2025-10-07 until:2025-11-06 (limit 100)
2025-11-06T16:35:14: [41/120] Query: #donademim -filter:retweets since:2025-10-07 until:2025-11-06 (limit 100)
2025-11-06T16:35:22: [42/120] Query: #새미래민주당 -filter:retweets since:2025-10-07 until:2025-11-06 (limit 100)
2025-11-06T16:35:33: [43/120] Query: #전병헌 -filter:retweets since:2025-10-07 until:2025-11-06 (limit 100)
2025-11-06T16:35:40: [44/120] Query: #이미영 -filter:retweets since:2025-10-07 until:2025-11-06 (limit 100)
2025-11-06T16:35:46: [45/120] Query: #이근규 -filter:retweets since:2025-10-07 until:2025-11-06 (limit 100)
2025-11-06T16:35:49: [46/120] Query: #신재용 -filter:retweets since:2025-10-07 until:2025-11-06 (limit 100)
2025-11-06T16:35:52: [47/120] Query: #진예찬 -filter:retweets since:2025-10-07 until:2025-11-06 (limit 100)
2025-11-06T16:35:55: [48/120] Query: #정형호 -filter:retweets since:2025-10-07 until:2025-11-06 (limit 100)
2025-11-06T16:35:58: [49/120] Query: #최고위원 -filter:retweets since:2025-10-07 until:2025-11-06 (limit 100)
2025-11-06T16:36:01: [50/120] Query: #比特币 -filter:retweets since:2025-10-07 until:2025-11-06 (limit 100)
2025-11-06T16:36:12: [51/120] Query: #偽装行為 -filter:retweets since:2025-10-07 until:2025-11-06 (limit 100)
2025-11-06T16:36:17: [52/120] Query: #javiermilei -filter:retweets since:2025-10-07 until:2025-11-06 (limit 100)
2025-11-06T16:36:28: [53/120] Query: #new -filter:retweets since:2025-10-07 until:2025-11-06 (limit 100)
2025-11-06T16:36:43: [54/120] Query: #newcollection -filter:retweets since:2025-10-07 until:2025-11-06 (limit 100)
2025-11-06T16:36:51: [55/120] Query: #politik -filter:retweets since:2025-10-07 until:2025-11-06 (limit 100)
2025-11-06T16:37:03: [56/120] Query: #politica -filter:retweets since:2025-10-07 until:2025-11-06 (limit 100)
2025-11-06T16:37:14: [57/120] Query: #politics -filter:retweets since:2025-10-07 until:2025-11-06 (limit 100)
2025-11-06T16:37:25: [58/120] Query: #reelitfeelit -filter:retweets since:2025-10-07 until:2025-11-06 (limit 100)
2025-11-06T16:37:33: [59/120] Query: #reel -filter:retweets since:2025-10-07 until:2025-11-06 (limit 100)
2025-11-06T16:37:50: [60/120] Query: #reelsinstagram -filter:retweets since:2025-10-07 until:2025-11-06 (limit 100)
2025-11-06T16:37:59: [61/120] Query: #reels -filter:retweets since:2025-10-07 until:2025-11-06 (limit 100)
2025-11-06T16:38:08: [62/120] Query: #education -filter:retweets since:2025-10-07 until:2025-11-06 (limit 100)
2025-11-06T16:38:26: [63/120] Query: #teacher -filter:retweets since:2025-10-07 until:2025-11-06 (limit 100)
2025-11-06T16:38:43: [64/120] Query: #shortage -filter:retweets since:2025-10-07 until:2025-11-06 (limit 100)
2025-11-06T16:38:49: [65/120] Query: #protest -filter:retweets since:2025-10-07 until:2025-11-06 (limit 100)
2025-11-06T16:39:02: [66/120] Query: #schoolstudents -filter:retweets since:2025-10-07 until:2025-11-06 (limit 100)
2025-11-06T16:39:13: [67/120] Query: #ustariffs -filter:retweets since:2025-10-07 until:2025-11-06 (limit 100)
2025-11-06T16:39:26: [68/120] Query: #customs -filter:retweets since:2025-10-07 until:2025-11-06 (limit 100)
2025-11-06T16:39:40: [69/120] Query: #ぐるナイ -filter:retweets since:2025-10-07 until:2025-11-06 (limit 100)
2025-11-06T16:39:50: [70/120] Query: #増田貴久 -filter:retweets since:2025-10-07 until:2025-11-06 (limit 100)
2025-11-06T16:39:58: [71/120] Query: #ಟಿ20 -filter:retweets since:2025-10-07 until:2025-11-06 (limit 100)
2025-11-06T16:40:00: [72/120] Query: #ವಿಶ್ವಕಪ್ಗೆ -filter:retweets since:2025-10-07 until:2025-11-06 (limit 100)
2025-11-06T16:40:01: [73/120] Query: #ಭಾರತದ -filter:retweets since:2025-10-07 until:2025-11-06 (limit 100)
2025-11-06T16:40:03: [74/120] Query: #ಫೈನಲ್ -filter:retweets since:2025-10-07 until:2025-11-06 (limit 100)
2025-11-06T16:40:06: [75/120] Query: #ಪಂದ್ಯಕ್ಕೂ -filter:retweets since:2025-10-07 until:2025-11-06 (limit 100)
2025-11-06T16:40:07: [76/120] Query: #أمبري -filter:retweets since:2025-10-07 until:2025-11-06 (limit 100)
2025-11-06T16:40:10: [77/120] Query: #ناقلة_منتجات -filter:retweets since:2025-10-07 until:2025-11-06 (limit 100)
2025-11-06T16:40:12: [78/120] Query: #الصومال -filter:retweets since:2025-10-07 until:2025-11-06 (limit 100)
2025-11-06T16:40:21: [79/120] Query: #لبنان -filter:retweets since:2025-10-07 until:2025-11-06 (limit 100)
2025-11-06T16:40:34: [80/120] Query: #06news -filter:retweets since:2025-10-07 until:2025-11-06 (limit 100)
2025-11-06T16:40:44: [81/120] Query: #bonds -filter:retweets since:2025-10-07 until:2025-11-06 (limit 100)
2025-11-06T16:40:59: [82/120] Query: #federalreserve -filter:retweets since:2025-10-07 until:2025-11-06 (limit 100)
2025-11-06T16:41:04: [83/120] Query: #ldnews -filter:retweets since:2025-10-07 until:2025-11-06 (limit 100)
2025-11-06T16:41:14: [84/120] Query: #свр -filter:retweets since:2025-10-07 until:2025-11-06 (limit 100)
2025-11-06T16:41:17: [85/120] Query: #madrashighcourt -filter:retweets since:2025-10-07 until:2025-11-06 (limit 100)
2025-11-06T16:41:27: [86/120] Query: #freedomfighter -filter:retweets since:2025-10-07 until:2025-11-06 (limit 100)
2025-11-06T16:41:37: [87/120] Query: #centralgovernment -filter:retweets since:2025-10-07 until:2025-11-06 (limit 100)
2025-11-06T16:41:49: [88/120] Query: #realstunt -filter:retweets since:2025-10-07 until:2025-11-06 (limit 100)
2025-11-06T16:41:51: [89/120] Query: #viralshorts -filter:retweets since:2025-10-07 until:2025-11-06 (limit 100)
2025-11-06T16:42:12: [90/120] Query: #americanyoutubershorts -filter:retweets since:2025-10-07 until:2025-11-06 (limit 100)
2025-11-06T16:42:14: [91/120] Query: #breakingnews -filter:retweets since:2025-10-07 until:2025-11-06 (limit 100)
2025-11-06T16:42:26: [92/120] Query: #brknews -filter:retweets since:2025-10-07 until:2025-11-06 (limit 100)
2025-11-06T16:42:33: [93/120] Query: #smartnews -filter:retweets since:2025-10-07 until:2025-11-06 (limit 100)
2025-11-06T16:42:45: [94/120] Query: #ホーリーグレイル -filter:retweets since:2025-10-07 until:2025-11-06 (limit 100)
2025-11-06T16:42:49: [95/120] Query: #楠賞 -filter:retweets since:2025-10-07 until:2025-11-06 (limit 100)
2025-11-06T16:42:55: [96/120] Query: #keiba -filter:retweets since:2025-10-07 until:2025-11-06 (limit 100)
2025-11-06T16:43:06: [97/120] Query: #競馬 -filter:retweets since:2025-10-07 until:2025-11-06 (limit 100)
2025-11-06T16:43:16: [98/120] Query: #園田競馬 -filter:retweets since:2025-10-07 until:2025-11-06 (limit 100)
2025-11-06T16:43:26: [99/120] Query: #川崎競馬 -filter:retweets since:2025-10-07 until:2025-11-06 (limit 100)
2025-11-06T16:43:33: [100/120] Query: #fictiondrama -filter:retweets since:2025-10-07 until:2025-11-06 (limit 100)
2025-11-06T16:43:36: [101/120] Query: #advocateanjali -filter:retweets since:2025-10-07 until:2025-11-06 (limit 100)
2025-11-06T16:43:38: [102/120] Query: #ヤフコメ -filter:retweets since:2025-10-07 until:2025-11-06 (limit 100)
2025-11-06T16:43:48: [103/120] Query: #fgo -filter:retweets since:2025-10-07 until:2025-11-06 (limit 100)
2025-11-06T16:43:59: [104/120] Query: #xg -filter:retweets since:2025-10-07 until:2025-11-06 (limit 100)
2025-11-06T16:44:07: [105/120] Query: #xgalx -filter:retweets since:2025-10-07 until:2025-11-06 (limit 100)
2025-11-06T16:44:16: [106/120] Query: #ansa -filter:retweets since:2025-10-07 until:2025-11-06 (limit 100)
2025-11-06T16:44:25: [107/120] Query: #صحيفة_النهار_السعودية -filter:retweets since:2025-10-07 until:2025-11-06 (limit 100)
2025-11-06T16:44:34: [108/120] Query: #auspol -filter:retweets since:2025-10-07 until:2025-11-06 (limit 100)
2025-11-06T16:44:43: [109/120] Query: #wefpuppets -filter:retweets since:2025-10-07 until:2025-11-06 (limit 100)
2025-11-06T16:44:48: [110/120] Query: #tabizen -filter:retweets since:2025-10-07 until:2025-11-06 (limit 100)
2025-11-06T16:45:00: [111/120] Query: #tabi -filter:retweets since:2025-10-07 until:2025-11-06 (limit 100)
2025-11-06T16:45:12: [112/120] Query: #btcuusdt -filter:retweets since:2025-10-07 until:2025-11-06 (limit 100)
2025-11-06T16:45:14: [113/120] Query: #cryptomarket -filter:retweets since:2025-10-07 until:2025-11-06 (limit 100)
2025-11-06T16:45:34: [114/120] Query: #cryptotrading -filter:retweets since:2025-10-07 until:2025-11-06 (limit 100)
2025-11-06T16:45:50: [115/120] Query: #trader -filter:retweets since:2025-10-07 until:2025-11-06 (limit 100)
2025-11-06T16:46:01: [116/120] Query: #signals -filter:retweets since:2025-10-07 until:2025-11-06 (limit 100)
2025-11-06T16:46:05: [117/120] Query: #gtagadhb -filter:retweets since:2025-10-07 until:2025-11-06 (limit 100)
2025-11-06T16:46:07: [118/120] Query: #cryptoupdate -filter:retweets since:2025-10-07 until:2025-11-06 (limit 100)
2025-11-06T16:46:20: [119/120] Query: #web3finance -filter:retweets since:2025-10-07 until:2025-11-06 (limit 100)
2025-11-06T16:46:33: [120/120] Query: #infracapital -filter:retweets since:2025-10-07 until:2025-11-06 (limit 100)
2025-11-06T16:46:35: 
2025-11-06T16:46:35: Summary:
2025-11-06T16:46:35:   Queries run:       120
2025-11-06T16:46:35:   Tweets seen:       7962
2025-11-06T16:46:35:   DataEntities kept: 7962
2025-11-06T16:46:35:   DB file:           SqliteMinerStorage.sqlite
2025-11-06T16:48:12: Wrote trending snapshot to /home/anirudh/Desktop/data-universe-final-Server/scripts/cache/twitter_trending.json
2025-11-06T16:48:12: Wrote 120 twitter targets to /home/anirudh/Desktop/data-universe-final-Server/scripts/cache/twitter_targets.json
2025-11-06T16:48:12: ✅ Twitter targets/trending updated.
2025-11-06T16:48:14: [1/120] Query: #crypto -filter:retweets since:2025-10-07 until:2025-11-06 (limit 100)
2025-11-06T16:48:31: [2/120] Query: #bitcoin -filter:retweets since:2025-10-07 until:2025-11-06 (limit 100)
2025-11-06T16:48:44: [3/120] Query: #btc -filter:retweets since:2025-10-07 until:2025-11-06 (limit 100)
2025-11-06T16:48:57: [4/120] Query: #yahooニュース -filter:retweets since:2025-10-07 until:2025-11-06 (limit 100)
2025-11-06T16:49:08: [5/120] Query: #eth -filter:retweets since:2025-10-07 until:2025-11-06 (limit 100)
2025-11-06T16:49:26: [6/120] Query: #gold -filter:retweets since:2025-10-07 until:2025-11-06 (limit 100)
2025-11-06T16:49:40: [7/120] Query: #news -filter:retweets since:2025-10-07 until:2025-11-06 (limit 100)
2025-11-06T16:49:51: [8/120] Query: #defi -filter:retweets since:2025-10-07 until:2025-11-06 (limit 100)
2025-11-06T16:50:03: [9/120] Query: #btcusd -filter:retweets since:2025-10-07 until:2025-11-06 (limit 100)
2025-11-06T16:50:06: [10/120] Query: #parfect -filter:retweets since:2025-10-07 until:2025-11-06 (limit 100)
2025-11-06T16:50:07: [11/120] Query: #xauusd -filter:retweets since:2025-10-07 until:2025-11-06 (limit 100)
2025-11-06T16:50:19: [12/120] Query: #blockchain -filter:retweets since:2025-10-07 until:2025-11-06 (limit 100)
2025-11-06T16:50:31: [13/120] Query: #china -filter:retweets since:2025-10-07 until:2025-11-06 (limit 100)
2025-11-06T16:50:45: [14/120] Query: #india -filter:retweets since:2025-10-07 until:2025-11-06 (limit 100)
2025-11-06T16:51:03: [15/120] Query: #japancrypto -filter:retweets since:2025-10-07 until:2025-11-06 (limit 100)
2025-11-06T16:51:11: [16/120] Query: #tradfi -filter:retweets since:2025-10-07 until:2025-11-06 (limit 100)
2025-11-06T16:51:21: [17/120] Query: #trading -filter:retweets since:2025-10-07 until:2025-11-06 (limit 100)
2025-11-06T16:51:39: [18/120] Query: #spacex -filter:retweets since:2025-10-07 until:2025-11-06 (limit 100)
2025-11-06T16:51:49: [19/120] Query: #mars -filter:retweets since:2025-10-07 until:2025-11-06 (limit 100)
2025-11-06T16:52:01: [20/120] Query: #projectathena -filter:retweets since:2025-10-07 until:2025-11-06 (limit 100)
2025-11-06T16:52:03: [21/120] Query: #elonmusk -filter:retweets since:2025-10-07 until:2025-11-06 (limit 100)
2025-11-06T16:52:16: [22/120] Query: #america -filter:retweets since:2025-10-07 until:2025-11-06 (limit 100)
2025-11-06T16:52:28: [23/120] Query: #redplanet -filter:retweets since:2025-10-07 until:2025-11-06 (limit 100)
2025-11-06T16:52:35: [24/120] Query: #marsmission -filter:retweets since:2025-10-07 until:2025-11-06 (limit 100)
2025-11-06T16:52:47: [25/120] Query: #spaceexploration -filter:retweets since:2025-10-07 until:2025-11-06 (limit 100)
2025-11-06T16:52:59: [26/120] Query: #tech -filter:retweets since:2025-10-07 until:2025-11-06 (limit 100)
2025-11-06T16:53:13: [27/120] Query: #القاهرة -filter:retweets since:2025-10-07 until:2025-11-06 (limit 100)
2025-11-06T16:53:25: [28/120] Query: #investing -filter:retweets since:2025-10-07 until:2025-11-06 (limit 100)
2025-11-06T16:53:43: [29/120] Query: #fartboy -filter:retweets since:2025-10-07 until:2025-11-06 (limit 100)
2025-11-06T16:53:51: [30/120] Query: #ethereum -filter:retweets since:2025-10-07 until:2025-11-06 (limit 100)
2025-11-06T16:54:05: [31/120] Query: #web3 -filter:retweets since:2025-10-07 until:2025-11-06 (limit 100)
2025-11-06T16:54:20: [32/120] Query: #cybermonday -filter:retweets since:2025-10-07 until:2025-11-06 (limit 100)
2025-11-06T16:54:31: [33/120] Query: #comercio -filter:retweets since:2025-10-07 until:2025-11-06 (limit 100)
2025-11-06T16:54:41: [34/120] Query: #economía -filter:retweets since:2025-10-07 until:2025-11-06 (limit 100)
2025-11-06T16:54:52: [35/120] Query: #pintoawards -filter:retweets since:2025-10-07 until:2025-11-06 (limit 100)
2025-11-06T16:54:53: [36/120] Query: #pintoaward -filter:retweets since:2025-10-07 until:2025-11-06 (limit 100)
2025-11-06T16:54:55: [37/120] Query: #pintosawards -filter:retweets since:2025-10-07 until:2025-11-06 (limit 100)
2025-11-06T16:54:57: [38/120] Query: #pintosaward -filter:retweets since:2025-10-07 until:2025-11-06 (limit 100)
2025-11-06T16:54:58: [39/120] Query: #peitoawards -filter:retweets since:2025-10-07 until:2025-11-06 (limit 100)
2025-11-06T16:55:01: [40/120] Query: #troconuds -filter:retweets since:2025-10-07 until:2025-11-06 (limit 100)
2025-11-06T16:55:03: [41/120] Query: #xotaawards -filter:retweets since:2025-10-07 until:2025-11-06 (limit 100)
2025-11-06T16:55:05: [42/120] Query: #eイヤ名古屋大須店 -filter:retweets since:2025-10-07 until:2025-11-06 (limit 100)
2025-11-06T16:55:14: [43/120] Query: #bose -filter:retweets since:2025-10-07 until:2025-11-06 (limit 100)
2025-11-06T16:55:23: [44/120] Query: #元気なナツメロ -filter:retweets since:2025-10-07 until:2025-11-06 (limit 100)
2025-11-06T16:55:31: [45/120] Query: #quatroporquatro -filter:retweets since:2025-10-07 until:2025-11-06 (limit 100)
2025-11-06T16:55:40: [46/120] Query: #idntt -filter:retweets since:2025-10-07 until:2025-11-06 (limit 100)
2025-11-06T16:55:57: [47/120] Query: #아이덴티티 -filter:retweets since:2025-10-07 until:2025-11-06 (limit 100)
2025-11-06T16:56:08: [48/120] Query: #アイデンティティ -filter:retweets since:2025-10-07 until:2025-11-06 (limit 100)
